#
# A fatal error has been detected by the Java Runtime Environment:
#
#  SIGBUS (0xa) at pc=0x0000000105db58a0, pid=22214, tid=6147
#
# JRE version:  (21.0.8+9) (build )
# Java VM: OpenJDK 64-Bit Server VM (21.0.8+9-LTS, mixed mode, sharing, tiered, compressed oops, compressed class ptrs, parallel gc, bsd-aarch64)
# Problematic frame:
# V  [libjvm.dylib+0x4558a0]  CodeHeap::allocate(unsigned long)+0x164
#
# No core dump will be written. Core dumps have been disabled. To enable core dumping, try "ulimit -c unlimited" before starting Java again
#
#

---------------  S U M M A R Y ------------

Command Line: --add-modules=ALL-SYSTEM --add-opens=java.base/java.util=ALL-UNNAMED --add-opens=java.base/java.lang=ALL-UNNAMED --add-opens=java.base/sun.nio.fs=ALL-UNNAMED -Declipse.application=org.eclipse.jdt.ls.core.id1 -Dosgi.bundles.defaultStartLevel=4 -Declipse.product=org.eclipse.jdt.ls.core.product -Djava.import.generatesMetadataFilesAtProjectRoot=false -DDetectVMInstallationsJob.disabled=true -Dfile.encoding=utf8 -XX:+UseParallelGC -XX:GCTimeRatio=4 -XX:AdaptiveSizePolicyWeight=90 -Dsun.zip.disableMemoryMapping=true -Xmx2G -Xms100m -Xlog:disable -javaagent:/Users/sasitha/.cursor/extensions/redhat.java-1.45.0-darwin-arm64/lombok/lombok-1.18.39-4050.jar /Users/sasitha/.cursor/extensions/redhat.java-1.45.0-darwin-arm64/server/plugins/org.eclipse.equinox.launcher_1.7.0.v20250519-0528.jar -configuration /Users/sasitha/Library/Application Support/Cursor/User/globalStorage/redhat.java/1.45.0/config_ss_mac -data /Users/sasitha/Library/Application Support/Cursor/User/workspaceStorage/895d1c6d6df5c4277d14b58095e1caa7/redhat.java/ss_ws --pipe=/private/var/folders/2h/11w4czk172908fdt4znbh34w0000gn/T/lsp-6f7b9ae1402cef81b2a9cc45582e1508.sock

Host: "MacBookPro17,1" arm64, 8 cores, 8G, Darwin 24.3.0, macOS 15.3.1 (24D70)
Time: Wed Oct  1 19:19:20 2025 +0530 elapsed time: 0.043963 seconds (0d 0h 0m 0s)

---------------  T H R E A D  ---------------

Current thread (0x000000015a009c00):  JavaThread "Unknown thread" [_thread_in_vm, id=6147, stack(0x000000016f8fc000,0x000000016faff000) (2060K)]

Stack: [0x000000016f8fc000,0x000000016faff000],  sp=0x000000016fafe970,  free space=2058k
Native frames: (J=compiled Java code, j=interpreted, Vv=VM code, C=native code)
V  [libjvm.dylib+0x4558a0]  CodeHeap::allocate(unsigned long)+0x164
V  [libjvm.dylib+0x27d4f0]  CodeCache::allocate(int, CodeBlobType, bool, CodeBlobType)+0xa4
V  [libjvm.dylib+0x2748bc]  BufferBlob::create(char const*, int)+0xf4
V  [libjvm.dylib+0x998eec]  initialize_stubs(StubCodeGenerator::StubsKind, int, int, char const*, char const*, char const*)+0x9c
V  [libjvm.dylib+0x999174]  initial_stubs_init()+0x44
V  [libjvm.dylib+0x484a74]  init_globals()+0x2c
V  [libjvm.dylib+0xa078ec]  Threads::create_vm(JavaVMInitArgs*, bool*)+0x268
V  [libjvm.dylib+0x538a34]  JNI_CreateJavaVM+0x74
C  [libjli.dylib+0xa260]  JavaMain+0x100
C  [libjli.dylib+0xd5e8]  ThreadJavaMain+0xc
C  [libsystem_pthread.dylib+0x72e4]  _pthread_start+0x88

siginfo: si_signo: 10 (SIGBUS), si_code: 1 (BUS_ADRALN), si_addr: 0x000000011120c000

Registers:
 x0=0x000000011120c000  x1=0x000000010669d025  x2=0xfffffffffffffff5  x3=0x0000000100674015
 x4=0x0000000006028ff0  x5=0x0000000000000020  x6=0x0000000000000030  x7=0x0000000000000000
 x8=0x0000000000000000  x9=0x000000011120c000 x10=0x0000000000000007 x11=0x0000000000000006
x12=0x0000000000000000 x13=0x0000000000000000 x14=0x00000000ffffffff x15=0x0000000000000802
x16=0x00000001997dea10 x17=0x0000000159405870 x18=0x0000000000000000 x19=0x0000000158605f50
x20=0x0000000000000055 x21=0x0000000000002a00 x22=0x0000000000000002 x23=0x0000000158605f50
x24=0x0000000106669958 x25=0x000000010669ce09 x26=0x0000000106694000 x27=0x00000001066946c8
x28=0x00000001066695f0  fp=0x000000016fafe9a0  lr=0x0000000105db588c  sp=0x000000016fafe970
pc=0x0000000105db58a0 cpsr=0x0000000080001000

Top of Stack: (sp=0x000000016fafe970)
0x000000016fafe970:   00000001117a0000 0000000007538000
0x000000016fafe980:   0000000000000000 0000000000004000
0x000000016fafe990:   0000000000000001 0000000000000003
0x000000016fafe9a0:   000000016fafea00 0000000105bdd4f0
0x000000016fafe9b0:   0000000000000000 0000000159406328
0x000000016fafe9c0:   0000000159405f50 0000000000002710
0x000000016fafe9d0:   0000000106669928 0000000000002a00
0x000000016fafe9e0:   0000000106703888 0000000000002990
0x000000016fafe9f0:   0000000106545bc2 0000000000000000
0x000000016fafea00:   000000016fafea40 0000000105bd48bc
0x000000016fafea10:   0000000000000000 0000000106545bc2
0x000000016fafea20:   00000000000003d8 000000000000000a
0x000000016fafea30:   0000000159405f40 0000000159405aa0
0x000000016fafea40:   000000016fafed60 00000001062f8eec
0x000000016fafea50:   0000000109cd8000 0000000007534000
0x000000016fafea60:   0000000000000000 0000000000004000
0x000000016fafea70:   0000000000004000 ffffffff69666f00
0x000000016fafea80:   5370616548656401 4b36312820657a69
0x000000016fafea90:   506e6f4e202b2029 4364656c69666f72
0x000000016fafeaa0:   537061654865646f 4b36312820657a69
0x000000016fafeab0:   004b3834203d2029 00000001005b4000
0x000000016fafeac0:   000000016fafeb00 00000001995b1aa4
0x000000016fafead0:   0000000159405f40 0000000000000001
0x000000016fafeae0:   0000000000000000 000000000000000e
0x000000016fafeaf0:   000000016fafeb50 0000000000007fe8
0x000000016fafeb00:   000000016fafeb40 0000000106179da0
0x000000016fafeb10:   0000000159405f40 0000000106665670
0x000000016fafeb20:   0000000000000000 00000001066cf000
0x000000016fafeb30:   0000000159406328 0000000159405f50
0x000000016fafeb40:   00000001593042b0 00000001005b8008
0x000000016fafeb50:   0000000000000000 85477de42fd000c7
0x000000016fafeb60:   0000000000000000 00000001005b4000 

Instructions: (pc=0x0000000105db58a0)
0x0000000105db57a0:   14 7d 40 93 69 82 40 f9 6a 72 40 f9 28 01 14 8b
0x0000000105db57b0:   1f 01 0a eb c9 00 00 54 00 00 80 d2 fd 7b 43 a9
0x0000000105db57c0:   f4 4f 42 a9 ff 03 01 91 c0 03 5f d6 1f 01 09 eb
0x0000000105db57d0:   e9 05 00 54 6a 42 40 f9 40 01 09 8b 9f fa 03 71
0x0000000105db57e0:   a8 00 00 54 21 47 00 f0 21 c0 3f 91 e2 03 14 aa
0x0000000105db57f0:   26 00 00 14 1f 14 00 38 48 01 08 8b 1f 00 08 eb
0x0000000105db5800:   62 04 00 54 29 01 0a 8b 29 fd 03 91 2a 47 00 f0
0x0000000105db5810:   4a c5 3f 91 20 f9 03 d1 3f 01 08 eb 08 03 00 54
0x0000000105db5820:   40 05 40 ad 42 0d 41 ad 02 0c 01 ad 00 04 00 ad
0x0000000105db5830:   40 05 42 ad 42 0d 43 ad 02 0c 03 ad 00 04 02 ad
0x0000000105db5840:   40 05 44 ad 42 0d 45 ad 02 0c 05 ad 00 04 04 ad
0x0000000105db5850:   40 05 46 ad 42 39 c0 3d 43 e1 ce 3c 03 e0 8e 3c
0x0000000105db5860:   01 88 06 ad 00 30 80 3d 2b f9 03 91 3f 01 08 eb
0x0000000105db5870:   e9 03 0b aa 03 fd ff 54 05 00 00 14 02 01 00 cb
0x0000000105db5880:   21 47 00 f0 21 c4 3f 91 ea ce 1b 94 68 82 40 f9
0x0000000105db5890:   69 0a 40 f9 6a fa 40 b9 08 21 ca 9a 20 01 08 8b
0x0000000105db58a0:   14 00 00 f9 28 00 80 52 08 20 00 39 68 82 40 f9
0x0000000105db58b0:   08 01 14 8b 68 82 00 f9 69 02 40 f9 6a 0e 40 f9
0x0000000105db58c0:   1f 00 09 eb a3 03 00 54 1f 00 0a eb 62 03 00 54
0x0000000105db58d0:   69 96 40 f9 6a 8e 40 f9 08 01 0a cb 6a fa 40 b9
0x0000000105db58e0:   08 21 ca 9a 3f 01 08 eb 28 81 88 9a 68 96 00 f9
0x0000000105db58f0:   68 3e 41 b9 08 05 00 11 68 3e 01 b9 00 40 00 91
0x0000000105db5900:   fd 7b 43 a9 f4 4f 42 a9 ff 03 01 91 c0 03 5f d6
0x0000000105db5910:   e8 a7 00 a9 e0 03 00 f9 60 3a 00 90 00 04 34 91
0x0000000105db5920:   62 3a 00 90 42 8c 34 91 63 3a 00 90 63 fc 35 91
0x0000000105db5930:   a1 24 80 52 82 24 fa 97 e9 ab 00 a9 e0 03 00 f9
0x0000000105db5940:   60 3a 00 90 00 04 34 91 62 3a 00 90 42 8c 34 91
0x0000000105db5950:   63 3a 00 90 63 fc 35 91 c1 26 80 52 78 24 fa 97
0x0000000105db5960:   f8 5f bc a9 f6 57 01 a9 f4 4f 02 a9 fd 7b 03 a9
0x0000000105db5970:   fd c3 00 91 08 84 40 f9 a9 45 00 90 29 81 25 91
0x0000000105db5980:   2b 01 40 f9 7f 01 01 eb 75 81 81 9a 28 04 00 b4
0x0000000105db5990:   f3 03 00 aa 0c 00 80 d2 0a 00 80 d2 14 00 80 d2 



---------------  P R O C E S S  ---------------

Threads class SMR info:
_java_thread_list=0x00000001066bc930, length=0, elements={
}

Java Threads: ( => current thread )
Total: 0

Other Threads:

=>0x000000015a009c00 (exited) JavaThread "Unknown thread"    [_thread_in_vm, id=6147, stack(0x000000016f8fc000,0x000000016faff000) (2060K)]
Total: 1

Threads with active compile tasks:
Total: 0

VM state: not at safepoint (not fully initialized)

VM Mutex/Monitor currently owned by a thread:  ([mutex/lock_event])
[0x0000000106703888] CodeCache_lock - owner thread: 0x000000015a009c00

Heap address: 0x0000000000000000, size: 0 MB, Compressed Oops mode: 32-bit

CDS archive(s) mapped at: [0x0000000000000000-0x0000000000000000-0x0000000000000000), size 0, SharedBaseAddress: 0x0000000800000000, ArchiveRelocationMode: 1.
Narrow klass base: 0x0000000000000000, Narrow klass shift: 0, Narrow klass range: 0x0

GC Precious Log:
<Not initialized>

Dll operation events (1 events):
Event: 0.037 Loaded shared library /Users/sasitha/.cursor/extensions/redhat.java-1.45.0-darwin-arm64/jre/21.0.8-macosx-aarch64/lib/libjava.dylib

Deoptimization events (0 events):
No events

Classes loaded (0 events):
No events

Classes unloaded (0 events):
No events

Classes redefined (0 events):
No events

Internal exceptions (0 events):
No events

ZGC Phase Switch (0 events):
No events

VM Operations (0 events):
No events

Memory protections (1 events):
Event: 0.035 Protecting memory [0x000000016f8fc000,0x000000016f908000] with protection modes 0

Nmethod flushes (0 events):
No events

Events (0 events):
No events


Dynamic libraries:
0x00000001005d0000 	/Users/sasitha/.cursor/extensions/redhat.java-1.45.0-darwin-arm64/jre/21.0.8-macosx-aarch64/lib/libjli.dylib
0x00000001b5495000 	/System/Library/Frameworks/Cocoa.framework/Versions/A/Cocoa
0x000000019d3cb000 	/System/Library/Frameworks/AppKit.framework/Versions/C/AppKit
0x00000001a0683000 	/System/Library/Frameworks/CoreData.framework/Versions/A/CoreData
0x000000019aa05000 	/System/Library/Frameworks/Foundation.framework/Versions/C/Foundation
0x00000001a7389000 	/usr/lib/libSystem.B.dylib
0x000000019e808000 	/System/Library/PrivateFrameworks/UIFoundation.framework/Versions/A/UIFoundation
0x0000000242503000 	/System/Library/PrivateFrameworks/CollectionViewCore.framework/Versions/A/CollectionViewCore
0x00000001ae615000 	/System/Library/PrivateFrameworks/RemoteViewServices.framework/Versions/A/RemoteViewServices
0x00000001a500f000 	/System/Library/PrivateFrameworks/XCTTargetBootstrap.framework/Versions/A/XCTTargetBootstrap
0x00000001a9a6f000 	/System/Library/PrivateFrameworks/InternationalSupport.framework/Versions/A/InternationalSupport
0x00000001a9ace000 	/System/Library/PrivateFrameworks/UserActivity.framework/Versions/A/UserActivity
0x000000026dd87000 	/System/Library/PrivateFrameworks/UIIntelligenceSupport.framework/Versions/A/UIIntelligenceSupport
0x00000002388cc000 	/System/Library/Frameworks/SwiftUICore.framework/Versions/A/SwiftUICore
0x0000000272d38000 	/System/Library/PrivateFrameworks/WritingTools.framework/Versions/A/WritingTools
0x0000000271d8b000 	/System/Library/PrivateFrameworks/WindowManagement.framework/Versions/A/WindowManagement
0x000000019a65f000 	/System/Library/Frameworks/SystemConfiguration.framework/Versions/A/SystemConfiguration
0x00000001a8eb8000 	/usr/lib/libspindump.dylib
0x000000019e9ba000 	/System/Library/Frameworks/UniformTypeIdentifiers.framework/Versions/A/UniformTypeIdentifiers
0x00000001a6787000 	/usr/lib/libbsm.0.dylib
0x00000001a2ad1000 	/usr/lib/libapp_launch_measurement.dylib
0x00000001a1ecd000 	/System/Library/PrivateFrameworks/CoreAnalytics.framework/Versions/A/CoreAnalytics
0x00000001a2ad5000 	/System/Library/PrivateFrameworks/CoreAutoLayout.framework/Versions/A/CoreAutoLayout
0x00000001a4658000 	/System/Library/Frameworks/Metal.framework/Versions/A/Metal
0x00000001a5856000 	/usr/lib/liblangid.dylib
0x00000001a5015000 	/System/Library/PrivateFrameworks/CoreSVG.framework/Versions/A/CoreSVG
0x000000019f3db000 	/System/Library/PrivateFrameworks/SkyLight.framework/Versions/A/SkyLight
0x000000019f908000 	/System/Library/Frameworks/CoreGraphics.framework/Versions/A/CoreGraphics
0x00000001aecee000 	/System/Library/Frameworks/Accelerate.framework/Versions/A/Accelerate
0x00000001a8cea000 	/System/Library/PrivateFrameworks/IconServices.framework/Versions/A/IconServices
0x00000001a4635000 	/System/Library/Frameworks/IOSurface.framework/Versions/A/IOSurface
0x00000001a1eff000 	/usr/lib/libDiagnosticMessagesClient.dylib
0x00000001a72cd000 	/usr/lib/libz.1.dylib
0x00000001b2b7a000 	/System/Library/Frameworks/ApplicationServices.framework/Versions/A/ApplicationServices
0x00000001a4ffa000 	/System/Library/PrivateFrameworks/DFRFoundation.framework/Versions/A/DFRFoundation
0x000000019cc35000 	/usr/lib/libicucore.A.dylib
0x00000001aabe8000 	/System/Library/Frameworks/AudioToolbox.framework/Versions/A/AudioToolbox
0x00000001a9a7f000 	/System/Library/PrivateFrameworks/DataDetectorsCore.framework/Versions/A/DataDetectorsCore
0x00000001c5115000 	/System/Library/PrivateFrameworks/TextInput.framework/Versions/A/TextInput
0x000000019f327000 	/usr/lib/libMobileGestalt.dylib
0x00000001a4cf2000 	/System/Library/Frameworks/Carbon.framework/Versions/A/Frameworks/HIToolbox.framework/Versions/A/HIToolbox
0x00000001a23d0000 	/System/Library/Frameworks/QuartzCore.framework/Versions/A/QuartzCore
0x000000019c83e000 	/System/Library/Frameworks/Security.framework/Versions/A/Security
0x00000001ae650000 	/System/Library/Frameworks/Carbon.framework/Versions/A/Frameworks/SpeechRecognition.framework/Versions/A/SpeechRecognition
0x00000001a27ea000 	/System/Library/PrivateFrameworks/CoreUI.framework/Versions/A/CoreUI
0x000000019c0f2000 	/System/Library/Frameworks/CoreAudio.framework/Versions/A/CoreAudio
0x00000001a1feb000 	/System/Library/Frameworks/DiskArbitration.framework/Versions/A/DiskArbitration
0x00000001a932b000 	/System/Library/PrivateFrameworks/MultitouchSupport.framework/Versions/A/MultitouchSupport
0x000000019f325000 	/usr/lib/libenergytrace.dylib
0x00000001b9afd000 	/System/Library/PrivateFrameworks/RenderBox.framework/Versions/A/RenderBox
0x000000019d27b000 	/System/Library/Frameworks/IOKit.framework/Versions/A/IOKit
0x00000001aea44000 	/System/Library/Frameworks/CoreServices.framework/Versions/A/CoreServices
0x00000001a2a62000 	/System/Library/PrivateFrameworks/PerformanceAnalysis.framework/Versions/A/PerformanceAnalysis
0x00000001f6685000 	/System/Library/Frameworks/OpenGL.framework/Versions/A/OpenGL
0x00000001a2b1f000 	/usr/lib/libxml2.2.dylib
0x00000001a666c000 	/System/Library/PrivateFrameworks/MobileKeyBag.framework/Versions/A/MobileKeyBag
0x00000001993d0000 	/usr/lib/libobjc.A.dylib
0x00000001996bd000 	/usr/lib/libc++.1.dylib
0x00000001ae9c4000 	/System/Library/Frameworks/Accessibility.framework/Versions/A/Accessibility
0x00000001a0027000 	/System/Library/Frameworks/ColorSync.framework/Versions/A/ColorSync
0x0000000199813000 	/System/Library/Frameworks/CoreFoundation.framework/Versions/A/CoreFoundation
0x00000001a53d3000 	/System/Library/Frameworks/CoreImage.framework/Versions/A/CoreImage
0x000000019bee2000 	/System/Library/Frameworks/CoreText.framework/Versions/A/CoreText
0x00000001f7bec000 	/System/Library/Frameworks/CoreTransferable.framework/Versions/A/CoreTransferable
0x00000001f818b000 	/System/Library/Frameworks/DeveloperToolsSupport.framework/Versions/A/DeveloperToolsSupport
0x00000001a5051000 	/System/Library/Frameworks/ImageIO.framework/Versions/A/ImageIO
0x00000002394e6000 	/System/Library/Frameworks/Symbols.framework/Versions/A/Symbols
0x00000001a738e000 	/System/Library/PrivateFrameworks/SoftLinking.framework/Versions/A/SoftLinking
0x00000001d6f8a000 	/usr/lib/swift/libswiftAccelerate.dylib
0x00000001aa549000 	/usr/lib/swift/libswiftCore.dylib
0x00000001c1896000 	/usr/lib/swift/libswiftCoreFoundation.dylib
0x00000001c18f3000 	/usr/lib/swift/libswiftCoreImage.dylib
0x00000001bf042000 	/usr/lib/swift/libswiftDarwin.dylib
0x00000001b04fe000 	/usr/lib/swift/libswiftDispatch.dylib
0x00000001c18f4000 	/usr/lib/swift/libswiftIOKit.dylib
0x00000001ce121000 	/usr/lib/swift/libswiftMetal.dylib
0x00000001dc41f000 	/usr/lib/swift/libswiftOSLog.dylib
0x00000001b30e5000 	/usr/lib/swift/libswiftObjectiveC.dylib
0x0000000279f20000 	/usr/lib/swift/libswiftObservation.dylib
0x00000001d2a4c000 	/usr/lib/swift/libswiftQuartzCore.dylib
0x00000001d6f7b000 	/usr/lib/swift/libswiftUniformTypeIdentifiers.dylib
0x00000001c18a8000 	/usr/lib/swift/libswiftXPC.dylib
0x000000027a016000 	/usr/lib/swift/libswift_Builtin_float.dylib
0x000000027a01b000 	/usr/lib/swift/libswift_Concurrency.dylib
0x000000027a183000 	/usr/lib/swift/libswift_StringProcessing.dylib
0x000000027a236000 	/usr/lib/swift/libswift_errno.dylib
0x000000027a238000 	/usr/lib/swift/libswift_math.dylib
0x000000027a23b000 	/usr/lib/swift/libswift_signal.dylib
0x000000027a23c000 	/usr/lib/swift/libswift_stdio.dylib
0x000000027a23d000 	/usr/lib/swift/libswift_time.dylib
0x00000001b30e9000 	/usr/lib/swift/libswiftos.dylib
0x00000001c506c000 	/usr/lib/swift/libswiftsimd.dylib
0x000000027a23e000 	/usr/lib/swift/libswiftsys_time.dylib
0x000000027a23f000 	/usr/lib/swift/libswiftunistd.dylib
0x00000001a753a000 	/usr/lib/libcompression.dylib
0x00000001a99c7000 	/System/Library/PrivateFrameworks/TextureIO.framework/Versions/A/TextureIO
0x00000001a897b000 	/usr/lib/libate.dylib
0x00000001a7383000 	/usr/lib/system/libcache.dylib
0x00000001a733c000 	/usr/lib/system/libcommonCrypto.dylib
0x00000001a7369000 	/usr/lib/system/libcompiler_rt.dylib
0x00000001a735e000 	/usr/lib/system/libcopyfile.dylib
0x000000019950f000 	/usr/lib/system/libcorecrypto.dylib
0x00000001995f1000 	/usr/lib/system/libdispatch.dylib
0x00000001997ae000 	/usr/lib/system/libdyld.dylib
0x00000001a7379000 	/usr/lib/system/libkeymgr.dylib
0x00000001a731b000 	/usr/lib/system/libmacho.dylib
0x00000001a6760000 	/usr/lib/system/libquarantine.dylib
0x00000001a7376000 	/usr/lib/system/libremovefile.dylib
0x000000019f3a0000 	/usr/lib/system/libsystem_asl.dylib
0x00000001994a4000 	/usr/lib/system/libsystem_blocks.dylib
0x000000019963b000 	/usr/lib/system/libsystem_c.dylib
0x00000001a736d000 	/usr/lib/system/libsystem_collections.dylib
0x00000001a5843000 	/usr/lib/system/libsystem_configuration.dylib
0x00000001a4606000 	/usr/lib/system/libsystem_containermanager.dylib
0x00000001a6e6f000 	/usr/lib/system/libsystem_coreservices.dylib
0x000000019cef9000 	/usr/lib/system/libsystem_darwin.dylib
0x000000027a382000 	/usr/lib/system/libsystem_darwindirectory.dylib
0x00000001a737a000 	/usr/lib/system/libsystem_dnssd.dylib
0x000000027a386000 	/usr/lib/system/libsystem_eligibility.dylib
0x0000000199638000 	/usr/lib/system/libsystem_featureflags.dylib
0x00000001997e3000 	/usr/lib/system/libsystem_info.dylib
0x00000001a72dc000 	/usr/lib/system/libsystem_m.dylib
0x00000001995af000 	/usr/lib/system/libsystem_malloc.dylib
0x000000019f30a000 	/usr/lib/system/libsystem_networkextension.dylib
0x000000019d35c000 	/usr/lib/system/libsystem_notify.dylib
0x00000001a5848000 	/usr/lib/system/libsystem_sandbox.dylib
0x000000027a38d000 	/usr/lib/system/libsystem_sanitizers.dylib
0x00000001a7372000 	/usr/lib/system/libsystem_secinit.dylib
0x0000000199766000 	/usr/lib/system/libsystem_kernel.dylib
0x00000001997db000 	/usr/lib/system/libsystem_platform.dylib
0x00000001997a1000 	/usr/lib/system/libsystem_pthread.dylib
0x00000001a0ea9000 	/usr/lib/system/libsystem_symptoms.dylib
0x00000001994f3000 	/usr/lib/system/libsystem_trace.dylib
0x00000001a734a000 	/usr/lib/system/libunwind.dylib
0x00000001994a8000 	/usr/lib/system/libxpc.dylib
0x000000019974b000 	/usr/lib/libc++abi.dylib
0x00000001a7356000 	/usr/lib/liboah.dylib
0x000000019d1fa000 	/System/Library/PrivateFrameworks/CoreServicesInternal.framework/Versions/A/CoreServicesInternal
0x00000001a738b000 	/usr/lib/libfakelink.dylib
0x00000001b262b000 	/System/Library/PrivateFrameworks/DiskImages.framework/Versions/A/DiskImages
0x00000001beb6f000 	/System/Library/Frameworks/NetFS.framework/Versions/A/NetFS
0x000000019ef41000 	/System/Library/Frameworks/CFNetwork.framework/Versions/A/CFNetwork
0x00000001a2a99000 	/System/Library/Frameworks/CoreServices.framework/Versions/A/Frameworks/FSEvents.framework/Versions/A/FSEvents
0x000000019cf04000 	/System/Library/Frameworks/CoreServices.framework/Versions/A/Frameworks/CarbonCore.framework/Versions/A/CarbonCore
0x00000001a1f61000 	/System/Library/Frameworks/CoreServices.framework/Versions/A/Frameworks/Metadata.framework/Versions/A/Metadata
0x00000001a6e76000 	/System/Library/Frameworks/CoreServices.framework/Versions/A/Frameworks/OSServices.framework/Versions/A/OSServices
0x00000001a7469000 	/System/Library/Frameworks/CoreServices.framework/Versions/A/Frameworks/SearchKit.framework/Versions/A/SearchKit
0x00000001a0e23000 	/System/Library/Frameworks/CoreServices.framework/Versions/A/Frameworks/AE.framework/Versions/A/AE
0x0000000199d08000 	/System/Library/Frameworks/CoreServices.framework/Versions/A/Frameworks/LaunchServices.framework/Versions/A/LaunchServices
0x00000001a87cd000 	/System/Library/Frameworks/CoreServices.framework/Versions/A/Frameworks/DictionaryServices.framework/Versions/A/DictionaryServices
0x00000001a2aa7000 	/System/Library/Frameworks/CoreServices.framework/Versions/A/Frameworks/SharedFileList.framework/Versions/A/SharedFileList
0x00000001a7504000 	/usr/lib/libapple_nghttp2.dylib
0x00000001a0a8b000 	/usr/lib/libsqlite3.dylib
0x00000001ab254000 	/System/Library/Frameworks/GSS.framework/Versions/A/GSS
0x00000001a0dbc000 	/System/Library/PrivateFrameworks/RunningBoardServices.framework/Versions/A/RunningBoardServices
0x00000001a0eb2000 	/System/Library/Frameworks/Network.framework/Versions/A/Network
0x00000001a731f000 	/usr/lib/system/libkxld.dylib
0x0000000279354000 	/usr/lib/libCoreEntitlements.dylib
0x0000000257b48000 	/System/Library/PrivateFrameworks/MessageSecurity.framework/Versions/A/MessageSecurity
0x00000001a0a71000 	/System/Library/PrivateFrameworks/ProtocolBuffer.framework/Versions/A/ProtocolBuffer
0x00000001a6e57000 	/System/Library/PrivateFrameworks/AppleFSCompression.framework/Versions/A/AppleFSCompression
0x00000001a676f000 	/usr/lib/libcoretls.dylib
0x00000001a8844000 	/usr/lib/libcoretls_cfhelpers.dylib
0x00000001a7534000 	/usr/lib/libpam.2.dylib
0x00000001a88b7000 	/usr/lib/libxar.1.dylib
0x00000001a73e0000 	/usr/lib/libarchive.2.dylib
0x00000001ac945000 	/System/Library/Frameworks/Combine.framework/Versions/A/Combine
0x0000000242527000 	/System/Library/PrivateFrameworks/CollectionsInternal.framework/Versions/A/CollectionsInternal
0x000000025fa4b000 	/System/Library/PrivateFrameworks/ReflectionInternal.framework/Versions/A/ReflectionInternal
0x00000002606e3000 	/System/Library/PrivateFrameworks/RuntimeInternal.framework/Versions/A/RuntimeInternal
0x0000000279f9d000 	/usr/lib/swift/libswiftSystem.dylib
0x00000001a5851000 	/System/Library/PrivateFrameworks/AppleSystemInfo.framework/Versions/A/AppleSystemInfo
0x00000001c1789000 	/System/Library/PrivateFrameworks/LoggingSupport.framework/Versions/A/LoggingSupport
0x00000001a2ca9000 	/System/Library/PrivateFrameworks/UserManagement.framework/Versions/A/UserManagement
0x000000019ee76000 	/usr/lib/libboringssl.dylib
0x00000001a0e98000 	/usr/lib/libdns_services.dylib
0x00000001c0978000 	/usr/lib/libquic.dylib
0x00000001aa4d9000 	/usr/lib/libusrtcp.dylib
0x00000001e3aa8000 	/System/Library/PrivateFrameworks/InternalSwiftProtobuf.framework/Versions/A/InternalSwiftProtobuf
0x0000000279ee8000 	/usr/lib/swift/libswiftDistributed.dylib
0x000000019ef40000 	/usr/lib/libnetwork.dylib
0x00000001a74de000 	/System/Library/PrivateFrameworks/AppleSauce.framework/Versions/A/AppleSauce
0x000000019a4fc000 	/System/Library/PrivateFrameworks/Lexicon.framework/Versions/A/Lexicon
0x0000000251969000 	/System/Library/PrivateFrameworks/IO80211.framework/Versions/A/IO80211
0x00000001b079d000 	/System/Library/PrivateFrameworks/FrontBoardServices.framework/Versions/A/FrontBoardServices
0x00000001a6697000 	/System/Library/Frameworks/SecurityFoundation.framework/Versions/A/SecurityFoundation
0x00000001a5978000 	/System/Library/PrivateFrameworks/LinguisticData.framework/Versions/A/LinguisticData
0x00000001a646b000 	/System/Library/PrivateFrameworks/IOMobileFramebuffer.framework/Versions/A/IOMobileFramebuffer
0x00000001a0cd7000 	/System/Library/PrivateFrameworks/BaseBoard.framework/Versions/A/BaseBoard
0x00000001b0869000 	/System/Library/PrivateFrameworks/BoardServices.framework/Versions/A/BoardServices
0x00000001a6689000 	/System/Library/PrivateFrameworks/AssertionServices.framework/Versions/A/AssertionServices
0x00000001b2467000 	/System/Library/PrivateFrameworks/BackBoardServices.framework/Versions/A/BackBoardServices
0x00000001a4a65000 	/System/Library/PrivateFrameworks/FontServices.framework/libFontParser.dylib
0x000000019f3b9000 	/System/Library/PrivateFrameworks/TCC.framework/Versions/A/TCC
0x00000001b5f0c000 	/System/Library/PrivateFrameworks/IOSurfaceAccelerator.framework/Versions/A/IOSurfaceAccelerator
0x00000001a9329000 	/System/Library/PrivateFrameworks/WatchdogClient.framework/Versions/A/WatchdogClient
0x000000019ba0f000 	/System/Library/Frameworks/CoreDisplay.framework/Versions/A/CoreDisplay
0x00000001a48fa000 	/System/Library/Frameworks/CoreMedia.framework/Versions/A/CoreMedia
0x00000001a464e000 	/System/Library/PrivateFrameworks/IOAccelerator.framework/Versions/A/IOAccelerator
0x00000001a2c09000 	/System/Library/Frameworks/CoreVideo.framework/Versions/A/CoreVideo
0x00000001a7532000 	/System/Library/Frameworks/MetalPerformanceShaders.framework/Versions/A/MetalPerformanceShaders
0x000000025ef73000 	/System/Library/PrivateFrameworks/ProDisplayLibrary.framework/Versions/A/ProDisplayLibrary
0x00000001a9370000 	/System/Library/Frameworks/VideoToolbox.framework/Versions/A/VideoToolbox
0x00000001a584f000 	/System/Library/PrivateFrameworks/AggregateDictionary.framework/Versions/A/AggregateDictionary
0x00000001a8846000 	/System/Library/PrivateFrameworks/APFS.framework/Versions/A/APFS
0x000000023ecb0000 	/System/Library/PrivateFrameworks/AppleKeyStore.framework/Versions/A/AppleKeyStore
0x00000001a88c6000 	/usr/lib/libutil.dylib
0x00000001a8825000 	/usr/lib/liblzma.5.dylib
0x00000001a1ff4000 	/System/Library/Frameworks/Accelerate.framework/Versions/A/Frameworks/vImage.framework/Versions/A/vImage
0x00000001aea1f000 	/System/Library/Frameworks/Accelerate.framework/Versions/A/Frameworks/vecLib.framework/Versions/A/vecLib
0x00000001a88fe000 	/System/Library/Frameworks/Accelerate.framework/Versions/A/Frameworks/vecLib.framework/Versions/A/libvMisc.dylib
0x000000019a16c000 	/System/Library/Frameworks/Accelerate.framework/Versions/A/Frameworks/vecLib.framework/Versions/A/libBLAS.dylib
0x00000001aae30000 	/System/Library/Frameworks/ApplicationServices.framework/Versions/A/Frameworks/ATS.framework/Versions/A/ATS
0x00000001a01df000 	/System/Library/Frameworks/ApplicationServices.framework/Versions/A/Frameworks/HIServices.framework/Versions/A/HIServices
0x00000001a994f000 	/System/Library/Frameworks/ApplicationServices.framework/Versions/A/Frameworks/PrintCore.framework/Versions/A/PrintCore
0x00000001ab21c000 	/System/Library/Frameworks/ApplicationServices.framework/Versions/A/Frameworks/QD.framework/Versions/A/QD
0x00000001ab213000 	/System/Library/Frameworks/ApplicationServices.framework/Versions/A/Frameworks/ColorSyncLegacy.framework/Versions/A/ColorSyncLegacy
0x00000001aae02000 	/System/Library/Frameworks/ApplicationServices.framework/Versions/A/Frameworks/SpeechSynthesis.framework/Versions/A/SpeechSynthesis
0x00000001a6438000 	/System/Library/PrivateFrameworks/CoreEmoji.framework/Versions/A/CoreEmoji
0x0000000248fc6000 	/System/Library/PrivateFrameworks/FontServices.framework/Versions/A/FontServices
0x00000001a8e62000 	/System/Library/PrivateFrameworks/OTSVG.framework/Versions/A/OTSVG
0x00000001a2798000 	/System/Library/Frameworks/ApplicationServices.framework/Versions/A/Frameworks/ATS.framework/Versions/A/Resources/libFontRegistry.dylib
0x00000001a8eac000 	/System/Library/PrivateFrameworks/FontServices.framework/libhvf.dylib
0x000000025afd6000 	/System/Library/PrivateFrameworks/ParsingInternal.framework/Versions/A/ParsingInternal
0x0000000279f3f000 	/usr/lib/swift/libswiftRegexBuilder.dylib
0x000000027a0dc000 	/usr/lib/swift/libswift_RegexParser.dylib
0x00000001a91f0000 	/System/Library/PrivateFrameworks/AppleJPEG.framework/Versions/A/AppleJPEG
0x00000001a8c77000 	/usr/lib/libexpat.1.dylib
0x00000001a9824000 	/System/Library/Frameworks/ImageIO.framework/Versions/A/Resources/libPng.dylib
0x00000001a984f000 	/System/Library/Frameworks/ImageIO.framework/Versions/A/Resources/libTIFF.dylib
0x00000001a993a000 	/System/Library/Frameworks/ImageIO.framework/Versions/A/Resources/libGIF.dylib
0x00000001a9236000 	/System/Library/Frameworks/ImageIO.framework/Versions/A/Resources/libJP2.dylib
0x00000001a98e0000 	/System/Library/Frameworks/ImageIO.framework/Versions/A/Resources/libJPEG.dylib
0x00000001a98d7000 	/System/Library/Frameworks/ImageIO.framework/Versions/A/Resources/libRadiance.dylib
0x000000024dd8e000 	/System/Library/PrivateFrameworks/GPUCompiler.framework/Versions/32023/Libraries/libllvm-flatbuffers.dylib
0x000000024908c000 	/System/Library/PrivateFrameworks/FramePacing.framework/Versions/A/FramePacing
0x00000001f6677000 	/System/Library/Frameworks/OpenGL.framework/Versions/A/Libraries/libCoreFSCache.dylib
0x0000000249c37000 	/System/Library/PrivateFrameworks/GPUCompiler.framework/Versions/32023/Libraries/libGPUCompilerUtils.dylib
0x0000000248fc7000 	/System/Library/PrivateFrameworks/FontServices.framework/libXTFontStaticRegistryData.dylib
0x00000001b4222000 	/System/Library/PrivateFrameworks/ASEProcessing.framework/Versions/A/ASEProcessing
0x00000001dfbb5000 	/System/Library/PrivateFrameworks/Symbolication.framework/Versions/A/Symbolication
0x000000025e189000 	/System/Library/PrivateFrameworks/PhotosensitivityProcessing.framework/Versions/A/PhotosensitivityProcessing
0x00000001a8e56000 	/System/Library/PrivateFrameworks/GraphVisualizer.framework/Versions/A/GraphVisualizer
0x00000001f66d7000 	/System/Library/Frameworks/OpenGL.framework/Versions/A/Libraries/libGLU.dylib
0x00000001f6699000 	/System/Library/Frameworks/OpenGL.framework/Versions/A/Libraries/libGFXShared.dylib
0x00000001f686a000 	/System/Library/Frameworks/OpenGL.framework/Versions/A/Libraries/libGL.dylib
0x00000001f66a2000 	/System/Library/Frameworks/OpenGL.framework/Versions/A/Libraries/libGLImage.dylib
0x00000001f6696000 	/System/Library/Frameworks/OpenGL.framework/Versions/A/Libraries/libCVMSPluginSupport.dylib
0x00000002794f8000 	/usr/lib/libRosetta.dylib
0x00000001f667f000 	/System/Library/Frameworks/OpenGL.framework/Versions/A/Libraries/libCoreVMClient.dylib
0x00000001a5791000 	/System/Library/Frameworks/MetalPerformanceShaders.framework/Versions/A/Frameworks/MPSCore.framework/Versions/A/MPSCore
0x00000001a6dc3000 	/System/Library/Frameworks/MetalPerformanceShaders.framework/Versions/A/Frameworks/MPSImage.framework/Versions/A/MPSImage
0x00000001a6812000 	/System/Library/Frameworks/MetalPerformanceShaders.framework/Versions/A/Frameworks/MPSNeuralNetwork.framework/Versions/A/MPSNeuralNetwork
0x00000001a6c48000 	/System/Library/Frameworks/MetalPerformanceShaders.framework/Versions/A/Frameworks/MPSMatrix.framework/Versions/A/MPSMatrix
0x00000001a6a60000 	/System/Library/Frameworks/MetalPerformanceShaders.framework/Versions/A/Frameworks/MPSRayIntersector.framework/Versions/A/MPSRayIntersector
0x00000001a6c7a000 	/System/Library/Frameworks/MetalPerformanceShaders.framework/Versions/A/Frameworks/MPSNDArray.framework/Versions/A/MPSNDArray
0x00000001fa44f000 	/System/Library/Frameworks/MetalPerformanceShaders.framework/Versions/A/Frameworks/MPSFunctions.framework/Versions/A/MPSFunctions
0x00000001fa433000 	/System/Library/Frameworks/MetalPerformanceShaders.framework/Versions/A/Frameworks/MPSBenchmarkLoop.framework/Versions/A/MPSBenchmarkLoop
0x0000000199ff0000 	/System/Library/PrivateFrameworks/MetalTools.framework/Versions/A/MetalTools
0x00000001c63d6000 	/System/Library/PrivateFrameworks/IOAccelMemoryInfo.framework/Versions/A/IOAccelMemoryInfo
0x00000001d2e48000 	/System/Library/PrivateFrameworks/kperf.framework/Versions/A/kperf
0x00000001c186d000 	/System/Library/PrivateFrameworks/GPURawCounter.framework/Versions/A/GPURawCounter
0x00000001b0cb0000 	/System/Library/PrivateFrameworks/CoreSymbolication.framework/Versions/A/CoreSymbolication
0x00000001c1807000 	/System/Library/PrivateFrameworks/MallocStackLogging.framework/Versions/A/MallocStackLogging
0x00000001a8a15000 	/System/Library/PrivateFrameworks/CrashReporterSupport.framework/Versions/A/CrashReporterSupport
0x00000001b0c6a000 	/System/Library/PrivateFrameworks/DebugSymbols.framework/Versions/A/DebugSymbols
0x00000001d20e0000 	/System/Library/PrivateFrameworks/OSAnalytics.framework/Versions/A/OSAnalytics
0x00000001a990b000 	/System/Library/Frameworks/ApplicationServices.framework/Versions/A/Frameworks/ATSUI.framework/Versions/A/ATSUI
0x00000001ab1a6000 	/usr/lib/libcups.2.dylib
0x00000001ab242000 	/System/Library/Frameworks/Kerberos.framework/Versions/A/Kerberos
0x00000001aaeaf000 	/usr/lib/libresolv.9.dylib
0x00000001a73c5000 	/usr/lib/libiconv.2.dylib
0x00000001a8ebf000 	/System/Library/PrivateFrameworks/Heimdal.framework/Versions/A/Heimdal
0x00000001b3040000 	/System/Library/Frameworks/Kerberos.framework/Versions/A/Libraries/libHeimdalProxy.dylib
0x00000001a8c92000 	/usr/lib/libheimdal-asn1.dylib
0x00000001a2a6c000 	/System/Library/Frameworks/OpenDirectory.framework/Versions/A/OpenDirectory
0x00000001ab2af000 	/System/Library/PrivateFrameworks/CommonAuth.framework/Versions/A/CommonAuth
0x00000001a2a7a000 	/System/Library/Frameworks/OpenDirectory.framework/Versions/A/Frameworks/CFOpenDirectory.framework/Versions/A/CFOpenDirectory
0x00000001a731a000 	/usr/lib/libcharset.1.dylib
0x00000001f6c0a000 	/System/Library/Frameworks/AVFAudio.framework/Versions/A/AVFAudio
0x00000001bb9c3000 	/System/Library/PrivateFrameworks/AXCoreUtilities.framework/Versions/A/AXCoreUtilities
0x0000000254788000 	/System/Library/PrivateFrameworks/IsolatedCoreAudioClient.framework/Versions/A/IsolatedCoreAudioClient
0x00000001aade9000 	/usr/lib/libAudioStatistics.dylib
0x00000001a48d2000 	/System/Library/PrivateFrameworks/caulk.framework/Versions/A/caulk
0x000000019bb30000 	/System/Library/PrivateFrameworks/AudioToolboxCore.framework/Versions/A/AudioToolboxCore
0x00000001b52cc000 	/System/Library/Frameworks/CoreMIDI.framework/Versions/A/CoreMIDI
0x00000001aad8c000 	/System/Library/PrivateFrameworks/AudioSession.framework/Versions/A/AudioSession
0x00000001ac6b5000 	/System/Library/Frameworks/IOBluetooth.framework/Versions/A/IOBluetooth
0x00000001a8d7c000 	/System/Library/PrivateFrameworks/MediaExperience.framework/Versions/A/MediaExperience
0x000000026bfd4000 	/System/Library/PrivateFrameworks/Tightbeam.framework/Versions/A/Tightbeam
0x00000001d764e000 	/System/Library/PrivateFrameworks/AFKUser.framework/Versions/A/AFKUser
0x00000001a8ea2000 	/System/Library/PrivateFrameworks/AppServerSupport.framework/Versions/A/AppServerSupport
0x00000001ab226000 	/System/Library/PrivateFrameworks/perfdata.framework/Versions/A/perfdata
0x00000001c0a6f000 	/System/Library/PrivateFrameworks/SystemPolicy.framework/Versions/A/SystemPolicy
0x00000001ab0c5000 	/usr/lib/libSMC.dylib
0x00000001a97ee000 	/usr/lib/libAudioToolboxUtility.dylib
0x00000001ab234000 	/usr/lib/libperfcheck.dylib
0x000000023f295000 	/System/Library/PrivateFrameworks/AudioAnalytics.framework/Versions/A/AudioAnalytics
0x00000001eabda000 	/System/Library/PrivateFrameworks/FeatureFlags.framework/Versions/A/FeatureFlags
0x00000001e3874000 	/System/Library/Frameworks/OSLog.framework/Versions/A/OSLog
0x00000001a6e63000 	/usr/lib/libbz2.1.0.dylib
0x00000001c1839000 	/usr/lib/libmis.dylib
0x00000001aab9f000 	/System/Library/PrivateFrameworks/AudioSession.framework/libSessionUtility.dylib
0x00000001a9940000 	/System/Library/PrivateFrameworks/CMCaptureCore.framework/Versions/A/CMCaptureCore
0x00000001f82da000 	/System/Library/Frameworks/ExtensionFoundation.framework/Versions/A/ExtensionFoundation
0x00000001b0dc4000 	/System/Library/PrivateFrameworks/CoreTime.framework/Versions/A/CoreTime
0x00000001a8b74000 	/System/Library/PrivateFrameworks/PlugInKit.framework/Versions/A/PlugInKit
0x00000001af9f9000 	/System/Library/PrivateFrameworks/PowerLog.framework/Versions/A/PowerLog
0x00000001af908000 	/System/Library/Frameworks/CoreBluetooth.framework/Versions/A/CoreBluetooth
0x00000001b3041000 	/System/Library/Frameworks/AudioUnit.framework/Versions/A/AudioUnit
0x00000001a64fb000 	/System/Library/PrivateFrameworks/CoreUtils.framework/Versions/A/CoreUtils
0x0000000245e8e000 	/System/Library/PrivateFrameworks/CoreUtilsExtras.framework/Versions/A/CoreUtilsExtras
0x00000001aed3d000 	/System/Library/Frameworks/MediaAccessibility.framework/Versions/A/MediaAccessibility
0x00000001c9c8d000 	/System/Library/PrivateFrameworks/AttributeGraph.framework/Versions/A/AttributeGraph
0x0000000279198000 	/usr/lib/libAXSafeCategoryBundle.dylib
0x00000001bba80000 	/usr/lib/libAccessibility.dylib
0x00000001a6345000 	/System/Library/Frameworks/Accelerate.framework/Versions/A/Frameworks/vecLib.framework/Versions/A/libvDSP.dylib
0x00000001a7610000 	/System/Library/Frameworks/Accelerate.framework/Versions/A/Frameworks/vecLib.framework/Versions/A/libLAPACK.dylib
0x00000001a67fd000 	/System/Library/Frameworks/Accelerate.framework/Versions/A/Frameworks/vecLib.framework/Versions/A/libLinearAlgebra.dylib
0x00000001a751f000 	/System/Library/Frameworks/Accelerate.framework/Versions/A/Frameworks/vecLib.framework/Versions/A/libSparseBLAS.dylib
0x00000001a760b000 	/System/Library/Frameworks/Accelerate.framework/Versions/A/Frameworks/vecLib.framework/Versions/A/libQuadrature.dylib
0x00000001a597f000 	/System/Library/Frameworks/Accelerate.framework/Versions/A/Frameworks/vecLib.framework/Versions/A/libBNNS.dylib
0x000000019a5fe000 	/System/Library/Frameworks/Accelerate.framework/Versions/A/Frameworks/vecLib.framework/Versions/A/libSparse.dylib
0x0000000255ceb000 	/System/Library/PrivateFrameworks/MIL.framework/Versions/A/MIL
0x00000001a98d2000 	/System/Library/PrivateFrameworks/GPUWrangler.framework/Versions/A/GPUWrangler
0x00000001a98b2000 	/System/Library/PrivateFrameworks/IOPresentment.framework/Versions/A/IOPresentment
0x00000001a98da000 	/System/Library/PrivateFrameworks/DSExternalDisplay.framework/Versions/A/DSExternalDisplay
0x00000001e3c81000 	/System/Library/PrivateFrameworks/HIDDisplay.framework/Versions/A/HIDDisplay
0x00000001ba794000 	/System/Library/PrivateFrameworks/HID.framework/Versions/A/HID
0x000000026f7f6000 	/System/Library/PrivateFrameworks/VideoToolboxParavirtualizationSupport.framework/Versions/A/VideoToolboxParavirtualizationSupport
0x00000001a8c2d000 	/System/Library/PrivateFrameworks/AppleVA.framework/Versions/A/AppleVA
0x00000001b0913000 	/System/Library/PrivateFrameworks/GraphicsServices.framework/Versions/A/GraphicsServices
0x00000001ab41c000 	/System/Library/PrivateFrameworks/CorePhoneNumbers.framework/Versions/A/CorePhoneNumbers
0x00000001afae9000 	/System/Library/PrivateFrameworks/MediaKit.framework/Versions/A/MediaKit
0x00000001afa34000 	/System/Library/Frameworks/DiscRecording.framework/Versions/A/DiscRecording
0x00000001ab206000 	/System/Library/PrivateFrameworks/NetAuth.framework/Versions/A/NetAuth
0x00000001a2c6a000 	/System/Library/PrivateFrameworks/login.framework/Versions/A/Frameworks/loginsupport.framework/Versions/A/loginsupport
0x00000001a8c9d000 	/System/Library/PrivateFrameworks/IconFoundation.framework/Versions/A/IconFoundation
0x00000001a8a0c000 	/usr/lib/libIOReport.dylib
0x000000023eeb0000 	/System/Library/PrivateFrameworks/AppleMobileFileIntegrity.framework/Versions/A/AppleMobileFileIntegrity
0x000000027953e000 	/usr/lib/libTLE.dylib
0x00000001f35e5000 	/System/Library/PrivateFrameworks/ConfigProfileHelper.framework/Versions/A/ConfigProfileHelper
0x00000001a6799000 	/usr/lib/libmecab.dylib
0x000000019a6f3000 	/usr/lib/libCRFSuite.dylib
0x00000001a5858000 	/System/Library/PrivateFrameworks/CoreNLP.framework/Versions/A/CoreNLP
0x00000001a67fa000 	/usr/lib/libgermantok.dylib
0x00000001a74d5000 	/usr/lib/libThaiTokenizer.dylib
0x00000001a6763000 	/usr/lib/libCheckFix.dylib
0x00000001a1f01000 	/System/Library/PrivateFrameworks/MetadataUtilities.framework/Versions/A/MetadataUtilities
0x0000000251bb2000 	/System/Library/PrivateFrameworks/InstalledContentLibrary.framework/Versions/A/InstalledContentLibrary
0x000000019d23a000 	/System/Library/PrivateFrameworks/CoreServicesStore.framework/Versions/A/CoreServicesStore
0x00000001d2f54000 	/System/Library/PrivateFrameworks/MobileSystemServices.framework/Versions/A/MobileSystemServices
0x00000001a88ca000 	/usr/lib/libxslt.1.dylib
0x00000001a6725000 	/System/Library/PrivateFrameworks/BackgroundTaskManagement.framework/Versions/A/BackgroundTaskManagement
0x00000001b27ed000 	/usr/lib/libcurl.4.dylib
0x0000000279777000 	/usr/lib/libcrypto.46.dylib
0x0000000279cc4000 	/usr/lib/libssl.48.dylib
0x00000001b24c1000 	/System/Library/Frameworks/LDAP.framework/Versions/A/LDAP
0x00000001b24fd000 	/System/Library/PrivateFrameworks/TrustEvaluationAgent.framework/Versions/A/TrustEvaluationAgent
0x00000001aaec8000 	/usr/lib/libsasl2.2.dylib
0x00000001bf041000 	/usr/lib/swift/libswiftCoreGraphics.dylib
0x00000001af377000 	/usr/lib/swift/libswiftFoundation.dylib
0x00000001f309c000 	/usr/lib/swift/libswiftSwiftOnoneSupport.dylib
0x00000001e034a000 	/System/Library/PrivateFrameworks/CoreMaterial.framework/Versions/A/CoreMaterial
0x00000002607d6000 	/System/Library/PrivateFrameworks/SFSymbols.framework/Versions/A/SFSymbols
0x00000001ae63d000 	/System/Library/PrivateFrameworks/SpeechRecognitionCore.framework/Versions/A/SpeechRecognitionCore
0x0000000105960000 	/Users/sasitha/.cursor/extensions/redhat.java-1.45.0-darwin-arm64/jre/21.0.8-macosx-aarch64/lib/server/libjvm.dylib
0x0000000100630000 	/Users/sasitha/.cursor/extensions/redhat.java-1.45.0-darwin-arm64/jre/21.0.8-macosx-aarch64/lib/libjimage.dylib
0x000000010065c000 	/Users/sasitha/.cursor/extensions/redhat.java-1.45.0-darwin-arm64/jre/21.0.8-macosx-aarch64/lib/libinstrument.dylib
0x00000001006a4000 	/Users/sasitha/.cursor/extensions/redhat.java-1.45.0-darwin-arm64/jre/21.0.8-macosx-aarch64/lib/libjava.dylib

JVMTI agents:
/Users/sasitha/.cursor/extensions/redhat.java-1.45.0-darwin-arm64/lombok/lombok-1.18.39-4050.jar path:none, loaded, not initialized, instrumentlib options:none


VM Arguments:
jvm_args: --add-modules=ALL-SYSTEM --add-opens=java.base/java.util=ALL-UNNAMED --add-opens=java.base/java.lang=ALL-UNNAMED --add-opens=java.base/sun.nio.fs=ALL-UNNAMED -Declipse.application=org.eclipse.jdt.ls.core.id1 -Dosgi.bundles.defaultStartLevel=4 -Declipse.product=org.eclipse.jdt.ls.core.product -Djava.import.generatesMetadataFilesAtProjectRoot=false -DDetectVMInstallationsJob.disabled=true -Dfile.encoding=utf8 -XX:+UseParallelGC -XX:GCTimeRatio=4 -XX:AdaptiveSizePolicyWeight=90 -Dsun.zip.disableMemoryMapping=true -Xmx2G -Xms100m -Xlog:disable -javaagent:/Users/sasitha/.cursor/extensions/redhat.java-1.45.0-darwin-arm64/lombok/lombok-1.18.39-4050.jar 
java_command: /Users/sasitha/.cursor/extensions/redhat.java-1.45.0-darwin-arm64/server/plugins/org.eclipse.equinox.launcher_1.7.0.v20250519-0528.jar -configuration /Users/sasitha/Library/Application Support/Cursor/User/globalStorage/redhat.java/1.45.0/config_ss_mac -data /Users/sasitha/Library/Application Support/Cursor/User/workspaceStorage/895d1c6d6df5c4277d14b58095e1caa7/redhat.java/ss_ws --pipe=/private/var/folders/2h/11w4czk172908fdt4znbh34w0000gn/T/lsp-6f7b9ae1402cef81b2a9cc45582e1508.sock
java_class_path (initial): /Users/sasitha/.cursor/extensions/redhat.java-1.45.0-darwin-arm64/server/plugins/org.eclipse.equinox.launcher_1.7.0.v20250519-0528.jar
Launcher Type: SUN_STANDARD

[Global flags]
    uintx AdaptiveSizePolicyWeight                 = 90                                        {product} {command line}
     intx CICompilerCount                          = 4                                         {product} {ergonomic}
    uintx GCTimeRatio                              = 4                                         {product} {command line}
   size_t InitialHeapSize                          = 104857600                                 {product} {command line}
   size_t MaxHeapSize                              = 2147483648                                {product} {command line}
   size_t MinHeapSize                              = 104857600                                 {product} {command line}
    uintx NonNMethodCodeHeapSize                   = 5839564                                {pd product} {ergonomic}
    uintx NonProfiledCodeHeapSize                  = 122909338                              {pd product} {ergonomic}
    uintx ProfiledCodeHeapSize                     = 122909338                              {pd product} {ergonomic}
    uintx ReservedCodeCacheSize                    = 251658240                              {pd product} {ergonomic}
     bool SegmentedCodeCache                       = true                                      {product} {ergonomic}
     bool UseCompressedOops                        = true                           {product lp64_product} {ergonomic}
     bool UseNUMA                                  = false                                     {product} {ergonomic}
     bool UseNUMAInterleaving                      = false                                     {product} {ergonomic}
     bool UseParallelGC                            = true                                      {product} {command line}

Logging:
Log output configuration:
 #0: stdout all=off uptime,level,tags foldmultilines=false
 #1: stderr all=off uptime,level,tags foldmultilines=false

Environment Variables:
PATH=/usr/bin:/bin:/usr/sbin:/sbin
SHELL=/bin/zsh
TMPDIR=/var/folders/2h/11w4czk172908fdt4znbh34w0000gn/T/

Active Locale:
LC_ALL=C
LC_COLLATE=C
LC_CTYPE=C
LC_MESSAGES=C
LC_MONETARY=C
LC_NUMERIC=C
LC_TIME=C

Signal Handlers:
   SIGSEGV: crash_handler in libjvm.dylib, mask=11100110000111110111111111111111, flags=SA_ONSTACK|SA_RESTART|SA_SIGINFO, unblocked
    SIGBUS: crash_handler in libjvm.dylib, mask=11100110000111110111111111111111, flags=SA_RESTART|SA_SIGINFO, unblocked
    SIGFPE: crash_handler in libjvm.dylib, mask=11100110000111110111111111111111, flags=SA_RESTART|SA_SIGINFO, unblocked
   SIGPIPE: javaSignalHandler in libjvm.dylib, mask=11100110000111110111111111111111, flags=SA_RESTART|SA_SIGINFO, blocked
   SIGXFSZ: javaSignalHandler in libjvm.dylib, mask=11100110000111110111111111111111, flags=SA_RESTART|SA_SIGINFO, blocked
    SIGILL: crash_handler in libjvm.dylib, mask=11100110000111110111111111111111, flags=SA_RESTART|SA_SIGINFO, unblocked
   SIGUSR2: SR_handler in libjvm.dylib, mask=00000000000000000000000000000000, flags=SA_RESTART|SA_SIGINFO, blocked
    SIGHUP: SIG_DFL, mask=00000000000000000000000000000000, flags=none, blocked
    SIGINT: SIG_DFL, mask=00000000000000000000000000000000, flags=none, blocked
   SIGTERM: SIG_DFL, mask=00000000000000000000000000000000, flags=none, blocked
   SIGQUIT: UserHandler in libjvm.dylib, mask=11100110000111110111111111111111, flags=SA_RESTART|SA_SIGINFO, blocked
   SIGTRAP: crash_handler in libjvm.dylib, mask=11100110000111110111111111111111, flags=SA_RESTART|SA_SIGINFO, unblocked


Periodic native trim disabled

---------------  S Y S T E M  ---------------

OS:
uname: Darwin 24.3.0 Darwin Kernel Version 24.3.0: Thu Jan  2 20:24:06 PST 2025; root:xnu-11215.81.4~3/RELEASE_ARM64_T8103 arm64
OS uptime: 5 days 7:26 hours
rlimit (soft/hard): STACK 8176k/65520k , CORE 0k/infinity , NPROC 1333/2000 , NOFILE 1048576/infinity , AS infinity/infinity , CPU infinity/infinity , DATA infinity/infinity , FSIZE infinity/infinity , MEMLOCK infinity/infinity , RSS infinity/infinity
load average: 27.38 27.71 28.20

CPU: total 8 (initial active 8) 0x61:0x0:0x1b588bb3:0, fp, asimd, aes, pmull, sha1, sha256, crc32, lse, sha3, sha512
machdep.cpu.brand_string:Apple M1
hw.cachelinesize:128
hw.l1icachesize:131072
hw.l1dcachesize:65536
hw.l2cachesize:4194304

Memory: 16k page, physical 8388608k(149856k free), swap 5242880k(1379904k free)

vm_info: OpenJDK 64-Bit Server VM (21.0.8+9-LTS) for bsd-aarch64 JRE (21.0.8+9-LTS), built on 2025-07-15T00:00:00Z by "admin" with clang Apple LLVM 15.0.0 (clang-1500.1.0.2.5)

END.
